[2022-03-21 21:51:21.995] [exthost] [info] Extension host with pid 5912 started
[2022-03-21 21:51:22.050] [exthost] [info] ExtensionService#_doActivateExtension vscode.microsoft-authentication, startup: false, activationEvent: 'onAuthenticationRequest:microsoft'
[2022-03-21 21:51:22.067] [exthost] [info] ExtensionService#_doActivateExtension vscode.debug-auto-launch, startup: true, activationEvent: '*'
[2022-03-21 21:51:22.070] [exthost] [info] ExtensionService#_doActivateExtension vscode.git-base, startup: true, activationEvent: '*', root cause: vscode.github
[2022-03-21 21:51:22.074] [exthost] [info] ExtensionService#_doActivateExtension vscode.ipynb, startup: true, activationEvent: '*'
[2022-03-21 21:51:22.102] [exthost] [info] ExtensionService#_doActivateExtension vscode.git, startup: true, activationEvent: '*'
[2022-03-21 21:51:22.120] [exthost] [info] ExtensionService#_doActivateExtension vscode.github, startup: true, activationEvent: '*'
[2022-03-21 21:51:22.174] [exthost] [info] ExtensionService#_doActivateExtension vscode.github-authentication, startup: false, activationEvent: 'onAuthenticationRequest:github'
[2022-03-21 21:51:22.238] [exthost] [info] Eager extensions activated
[2022-03-21 21:51:22.244] [exthost] [info] ExtensionService#_doActivateExtension vscode.emmet, startup: false, activationEvent: 'onStartupFinished'
[2022-03-21 21:51:22.251] [exthost] [info] ExtensionService#_doActivateExtension vscode.merge-conflict, startup: false, activationEvent: 'onStartupFinished'
[2022-03-21 21:51:22.255] [exthost] [info] ExtensionService#_doActivateExtension ms-vscode-remote.remote-wsl-recommender, startup: false, activationEvent: 'onStartupFinished'
[2022-03-21 21:53:18.355] [exthost] [info] ExtensionService#_doActivateExtension vscode.configuration-editing, startup: false, activationEvent: 'onLanguage:jsonc'
[2022-03-21 21:53:18.363] [exthost] [info] ExtensionService#_doActivateExtension vscode.json-language-features, startup: false, activationEvent: 'onLanguage:jsonc'
[2022-03-21 21:53:18.422] [exthost] [info] ExtensionService#_doActivateExtension vscode.typescript-language-features, startup: false, activationEvent: 'onLanguage:jsonc'
[2022-03-21 21:57:57.018] [exthost] [info] extension host terminating: renderer closed the socket
[2022-03-21 21:57:57.023] [exthost] [info] Extension host with pid 5912 exiting with code 0
[2022-03-21 21:57:58.834] [exthost] [info] Extension host with pid 1500 started
[2022-03-21 21:57:58.834] [exthost] [info] Skipping acquiring lock for c:\Users\Racarla\Documents\Git\Marlin_Laser_Engraver_2\VSCode\VSCode-win32-x64-1.65.2\data\user-data\User\workspaceStorage\24899f4c954ff7ccababe4a12bee7698.
[2022-03-21 21:57:58.934] [exthost] [info] ExtensionService#_doActivateExtension vscode.microsoft-authentication, startup: false, activationEvent: 'onAuthenticationRequest:microsoft'
[2022-03-21 21:57:58.950] [exthost] [info] ExtensionService#_doActivateExtension vscode.debug-auto-launch, startup: true, activationEvent: '*'
[2022-03-21 21:57:58.953] [exthost] [info] ExtensionService#_doActivateExtension vscode.git-base, startup: true, activationEvent: '*', root cause: vscode.github
[2022-03-21 21:57:58.957] [exthost] [info] ExtensionService#_doActivateExtension vscode.ipynb, startup: true, activationEvent: '*'
[2022-03-21 21:57:58.989] [exthost] [info] ExtensionService#_doActivateExtension vscode.github, startup: true, activationEvent: '*'
[2022-03-21 21:57:59.014] [exthost] [info] Eager extensions activated
[2022-03-21 21:57:59.016] [exthost] [info] ExtensionService#_doActivateExtension vscode.emmet, startup: false, activationEvent: 'onStartupFinished'
[2022-03-21 21:57:59.022] [exthost] [info] ExtensionService#_doActivateExtension vscode.merge-conflict, startup: false, activationEvent: 'onStartupFinished'
[2022-03-21 21:57:59.025] [exthost] [info] ExtensionService#_doActivateExtension ms-vscode-remote.remote-wsl-recommender, startup: false, activationEvent: 'onStartupFinished'
[2022-03-21 21:57:59.062] [exthost] [info] ExtensionService#_doActivateExtension vscode.github-authentication, startup: false, activationEvent: 'onAuthenticationRequest:github'
[2022-03-21 21:57:59.435] [exthost] [info] ExtensionService#_doActivateExtension vscode.git, startup: false, activationEvent: 'api', root cause: vscode.github
[2022-03-21 21:57:59.550] [exthost] [info] ExtensionService#_doActivateExtension ms-vscode.cpptools, startup: false, activationEvent: '*', root cause: marlinfirmware.auto-build
[2022-03-21 21:58:00.306] [exthost] [info] ExtensionService#_doActivateExtension platformio.platformio-ide, startup: false, activationEvent: '*', root cause: marlinfirmware.auto-build
[2022-03-21 21:58:03.478] [exthost] [info] ExtensionService#_doActivateExtension ms-vscode.cmake-tools, startup: false, activationEvent: 'workspaceContains:*/CMakeLists.txt,*/*/CMakeLists.txt,*/*/*/CMakeLists.txt'
[2022-03-21 21:58:03.981] [exthost] [info] ExtensionService#_doActivateExtension marlinfirmware.auto-build, startup: false, activationEvent: '*'
[2022-03-21 21:58:05.699] [exthost] [info] extension host terminating: renderer closed the socket
[2022-03-21 21:58:05.727] [exthost] [error] ProxyResolver#resolveProxy DIRECT Canceled: Canceled
	at Object.F [as canceled] (c:\Users\Racarla\Documents\Git\Marlin_Laser_Engraver_2\VSCode\VSCode-win32-x64-1.65.2\resources\app\out\vs\workbench\api\node\extensionHostProcess.js:5:1172)
	at n._remoteCall (c:\Users\Racarla\Documents\Git\Marlin_Laser_Engraver_2\VSCode\VSCode-win32-x64-1.65.2\resources\app\out\vs\workbench\api\node\extensionHostProcess.js:89:13886)
	at Proxy.y.<computed>.$.charCodeAt.y.<computed> (c:\Users\Racarla\Documents\Git\Marlin_Laser_Engraver_2\VSCode\VSCode-win32-x64-1.65.2\resources\app\out\vs\workbench\api\node\extensionHostProcess.js:89:10294)
	at E.resolveProxy (c:\Users\Racarla\Documents\Git\Marlin_Laser_Engraver_2\VSCode\VSCode-win32-x64-1.65.2\resources\app\out\vs\workbench\api\node\extensionHostProcess.js:89:39914)
	at Object.resolveProxy (c:\Users\Racarla\Documents\Git\Marlin_Laser_Engraver_2\VSCode\VSCode-win32-x64-1.65.2\resources\app\out\vs\workbench\api\node\extensionHostProcess.js:99:58421)
	at useProxySettings (c:\Users\Racarla\Documents\Git\Marlin_Laser_Engraver_2\VSCode\VSCode-win32-x64-1.65.2\resources\app\node_modules.asar\vscode-proxy-agent\out\index.js:159:16)
	at c:\Users\Racarla\Documents\Git\Marlin_Laser_Engraver_2\VSCode\VSCode-win32-x64-1.65.2\resources\app\node_modules.asar\vscode-proxy-agent\out\index.js:107:13
	at c:\Users\Racarla\Documents\Git\Marlin_Laser_Engraver_2\VSCode\VSCode-win32-x64-1.65.2\resources\app\node_modules.asar\vscode-proxy-agent\out\index.js:336:13
	at processTicksAndRejections (internal/process/task_queues.js:93:5) 
[2022-03-21 21:58:05.739] [exthost] [error] ProxyResolver#resolveProxy DIRECT Canceled: Canceled
	at Object.F [as canceled] (c:\Users\Racarla\Documents\Git\Marlin_Laser_Engraver_2\VSCode\VSCode-win32-x64-1.65.2\resources\app\out\vs\workbench\api\node\extensionHostProcess.js:5:1172)
	at n._remoteCall (c:\Users\Racarla\Documents\Git\Marlin_Laser_Engraver_2\VSCode\VSCode-win32-x64-1.65.2\resources\app\out\vs\workbench\api\node\extensionHostProcess.js:89:13886)
	at Proxy.y.<computed>.$.charCodeAt.y.<computed> (c:\Users\Racarla\Documents\Git\Marlin_Laser_Engraver_2\VSCode\VSCode-win32-x64-1.65.2\resources\app\out\vs\workbench\api\node\extensionHostProcess.js:89:10294)
	at E.resolveProxy (c:\Users\Racarla\Documents\Git\Marlin_Laser_Engraver_2\VSCode\VSCode-win32-x64-1.65.2\resources\app\out\vs\workbench\api\node\extensionHostProcess.js:89:39914)
	at Object.resolveProxy (c:\Users\Racarla\Documents\Git\Marlin_Laser_Engraver_2\VSCode\VSCode-win32-x64-1.65.2\resources\app\out\vs\workbench\api\node\extensionHostProcess.js:99:58421)
	at useProxySettings (c:\Users\Racarla\Documents\Git\Marlin_Laser_Engraver_2\VSCode\VSCode-win32-x64-1.65.2\resources\app\node_modules.asar\vscode-proxy-agent\out\index.js:159:16)
	at c:\Users\Racarla\Documents\Git\Marlin_Laser_Engraver_2\VSCode\VSCode-win32-x64-1.65.2\resources\app\node_modules.asar\vscode-proxy-agent\out\index.js:107:13
	at c:\Users\Racarla\Documents\Git\Marlin_Laser_Engraver_2\VSCode\VSCode-win32-x64-1.65.2\resources\app\node_modules.asar\vscode-proxy-agent\out\index.js:336:13
	at processTicksAndRejections (internal/process/task_queues.js:93:5) 
[2022-03-21 21:58:05.750] [exthost] [error] ProxyResolver#resolveProxy DIRECT Canceled: Canceled
	at Object.F [as canceled] (c:\Users\Racarla\Documents\Git\Marlin_Laser_Engraver_2\VSCode\VSCode-win32-x64-1.65.2\resources\app\out\vs\workbench\api\node\extensionHostProcess.js:5:1172)
	at n._remoteCall (c:\Users\Racarla\Documents\Git\Marlin_Laser_Engraver_2\VSCode\VSCode-win32-x64-1.65.2\resources\app\out\vs\workbench\api\node\extensionHostProcess.js:89:13886)
	at Proxy.y.<computed>.$.charCodeAt.y.<computed> (c:\Users\Racarla\Documents\Git\Marlin_Laser_Engraver_2\VSCode\VSCode-win32-x64-1.65.2\resources\app\out\vs\workbench\api\node\extensionHostProcess.js:89:10294)
	at E.resolveProxy (c:\Users\Racarla\Documents\Git\Marlin_Laser_Engraver_2\VSCode\VSCode-win32-x64-1.65.2\resources\app\out\vs\workbench\api\node\extensionHostProcess.js:89:39914)
	at Object.resolveProxy (c:\Users\Racarla\Documents\Git\Marlin_Laser_Engraver_2\VSCode\VSCode-win32-x64-1.65.2\resources\app\out\vs\workbench\api\node\extensionHostProcess.js:99:58421)
	at useProxySettings (c:\Users\Racarla\Documents\Git\Marlin_Laser_Engraver_2\VSCode\VSCode-win32-x64-1.65.2\resources\app\node_modules.asar\vscode-proxy-agent\out\index.js:159:16)
	at c:\Users\Racarla\Documents\Git\Marlin_Laser_Engraver_2\VSCode\VSCode-win32-x64-1.65.2\resources\app\node_modules.asar\vscode-proxy-agent\out\index.js:107:13
	at c:\Users\Racarla\Documents\Git\Marlin_Laser_Engraver_2\VSCode\VSCode-win32-x64-1.65.2\resources\app\node_modules.asar\vscode-proxy-agent\out\index.js:336:13
	at processTicksAndRejections (internal/process/task_queues.js:93:5) 
[2022-03-21 21:58:05.762] [exthost] [error] ProxyResolver#resolveProxy DIRECT Canceled: Canceled
	at Object.F [as canceled] (c:\Users\Racarla\Documents\Git\Marlin_Laser_Engraver_2\VSCode\VSCode-win32-x64-1.65.2\resources\app\out\vs\workbench\api\node\extensionHostProcess.js:5:1172)
	at n._remoteCall (c:\Users\Racarla\Documents\Git\Marlin_Laser_Engraver_2\VSCode\VSCode-win32-x64-1.65.2\resources\app\out\vs\workbench\api\node\extensionHostProcess.js:89:13886)
	at Proxy.y.<computed>.$.charCodeAt.y.<computed> (c:\Users\Racarla\Documents\Git\Marlin_Laser_Engraver_2\VSCode\VSCode-win32-x64-1.65.2\resources\app\out\vs\workbench\api\node\extensionHostProcess.js:89:10294)
	at E.resolveProxy (c:\Users\Racarla\Documents\Git\Marlin_Laser_Engraver_2\VSCode\VSCode-win32-x64-1.65.2\resources\app\out\vs\workbench\api\node\extensionHostProcess.js:89:39914)
	at Object.resolveProxy (c:\Users\Racarla\Documents\Git\Marlin_Laser_Engraver_2\VSCode\VSCode-win32-x64-1.65.2\resources\app\out\vs\workbench\api\node\extensionHostProcess.js:99:58421)
	at useProxySettings (c:\Users\Racarla\Documents\Git\Marlin_Laser_Engraver_2\VSCode\VSCode-win32-x64-1.65.2\resources\app\node_modules.asar\vscode-proxy-agent\out\index.js:159:16)
	at c:\Users\Racarla\Documents\Git\Marlin_Laser_Engraver_2\VSCode\VSCode-win32-x64-1.65.2\resources\app\node_modules.asar\vscode-proxy-agent\out\index.js:107:13
	at c:\Users\Racarla\Documents\Git\Marlin_Laser_Engraver_2\VSCode\VSCode-win32-x64-1.65.2\resources\app\node_modules.asar\vscode-proxy-agent\out\index.js:336:13
	at processTicksAndRejections (internal/process/task_queues.js:93:5) 
[2022-03-21 21:58:06.229] [exthost] [info] Extension host with pid 1500 exiting with code 0
