[2022-03-21 21:58:11.019] [renderer1] [error] [Extension Host] (node:15388) [DEP0005] DeprecationWarning: Buffer() is deprecated due to security and usability issues. Please use the Buffer.alloc(), Buffer.allocUnsafe(), or Buffer.from() methods instead.
(Use `Code --trace-deprecation ...` to show where the warning was created)
[2022-03-21 21:58:16.057] [renderer1] [error] [Extension Host] Iconv-lite warning: decode()-ing strings is deprecated. Refer to https://github.com/ashtuchkin/iconv-lite/wiki/Use-Buffers-when-decoding
[2022-03-21 22:01:25.960] [renderer1] [error] Assertion Failed: argument is undefined or null: Error: Assertion Failed: argument is undefined or null
    at o (vscode-file://vscode-app/c:/Users/Racarla/Documents/Git/Marlin_Laser_Engraver_2/VSCode/VSCode-win32-x64-1.65.2/resources/app/out/vs/workbench/workbench.desktop.main.js:70:8301)
    at wl.selectStep (vscode-file://vscode-app/c:/Users/Racarla/Documents/Git/Marlin_Laser_Engraver_2/VSCode/VSCode-win32-x64-1.65.2/resources/app/out/vs/workbench/workbench.desktop.main.js:2851:105783)
    at wl.buildCategorySlide (vscode-file://vscode-app/c:/Users/Racarla/Documents/Git/Marlin_Laser_Engraver_2/VSCode/VSCode-win32-x64-1.65.2/resources/app/out/vs/workbench/workbench.desktop.main.js:2983:17569)
    at wl.buildCategoriesSlide (vscode-file://vscode-app/c:/Users/Racarla/Documents/Git/Marlin_Laser_Engraver_2/VSCode/VSCode-win32-x64-1.65.2/resources/app/out/vs/workbench/workbench.desktop.main.js:2983:3871)
    at wl.setInput (vscode-file://vscode-app/c:/Users/Racarla/Documents/Git/Marlin_Laser_Engraver_2/VSCode/VSCode-win32-x64-1.65.2/resources/app/out/vs/workbench/workbench.desktop.main.js:2851:95882)
    at async i.doSetInput (vscode-file://vscode-app/c:/Users/Racarla/Documents/Git/Marlin_Laser_Engraver_2/VSCode/VSCode-win32-x64-1.65.2/resources/app/out/vs/workbench/workbench.desktop.main.js:2376:26829)
    at async i.doOpenEditor (vscode-file://vscode-app/c:/Users/Racarla/Documents/Git/Marlin_Laser_Engraver_2/VSCode/VSCode-win32-x64-1.65.2/resources/app/out/vs/workbench/workbench.desktop.main.js:2376:25202)
    at async i.openEditor (vscode-file://vscode-app/c:/Users/Racarla/Documents/Git/Marlin_Laser_Engraver_2/VSCode/VSCode-win32-x64-1.65.2/resources/app/out/vs/workbench/workbench.desktop.main.js:2376:24828)
    at async vscode-file://vscode-app/c:/Users/Racarla/Documents/Git/Marlin_Laser_Engraver_2/VSCode/VSCode-win32-x64-1.65.2/resources/app/out/vs/workbench/workbench.desktop.main.js:2576:16600
[2022-03-21 22:36:29.155] [renderer1] [error] EPERM: operation not permitted, watch: Error: EPERM: operation not permitted, watch
	at FSEvent.FSWatcher._handle.onchange (internal/fs/watchers.js:178:28)
[2022-03-21 22:40:25.689] [renderer1] [error] EPERM: operation not permitted, watch: Error: EPERM: operation not permitted, watch
	at FSEvent.FSWatcher._handle.onchange (internal/fs/watchers.js:178:28)
[2022-03-21 22:58:51.106] [renderer1] [error] EPERM: operation not permitted, watch: Error: EPERM: operation not permitted, watch
	at FSEvent.FSWatcher._handle.onchange (internal/fs/watchers.js:178:28)
[2022-03-21 22:59:28.989] [renderer1] [error] EPERM: operation not permitted, watch: Error: EPERM: operation not permitted, watch
	at FSEvent.FSWatcher._handle.onchange (internal/fs/watchers.js:178:28)
