[2022-03-21 21:58:10.033] [sharedprocess] [info] Starting worker process with pid 9920 (type: fileWatcher, window: 1).
[2022-03-21 21:58:10.213] [sharedprocess] [info] WSL is not installed, so could not detect WSL profiles
[2022-03-21 22:01:17.323] [sharedprocess] [info] Getting Manifest... ms-vscode.cpptools-extension-pack
[2022-03-21 22:01:17.327] [sharedprocess] [info] Installing extension: ms-vscode.cpptools-extension-pack
[2022-03-21 22:01:18.251] [sharedprocess] [info] Getting Manifest... ms-vscode-remote.remote-wsl
[2022-03-21 22:01:18.859] [sharedprocess] [info] Getting Manifest... ms-vscode-remote.remote-containers
[2022-03-21 22:01:19.107] [sharedprocess] [info] Getting Manifest... ms-vscode-remote.remote-ssh
[2022-03-21 22:01:19.651] [sharedprocess] [info] Getting Manifest... ms-vscode-remote.remote-ssh-edit
[2022-03-21 22:01:20.327] [sharedprocess] [info] Installing extension: ms-vscode-remote.remote-wsl
[2022-03-21 22:01:20.328] [sharedprocess] [info] Installing extension: ms-vscode-remote.remote-containers
[2022-03-21 22:01:20.328] [sharedprocess] [info] Installing extension: ms-vscode-remote.remote-ssh
[2022-03-21 22:01:20.328] [sharedprocess] [info] Installing extension: ms-vscode-remote.remote-ssh-edit
[2022-03-21 22:01:23.046] [sharedprocess] [info] Downloaded extension: ms-vscode-remote.remote-containers c:\Users\Racarla\Documents\Git\Marlin_Laser_Engraver_2\VSCode\VSCode-win32-x64-1.65.2\data\user-data\CachedExtensionVSIXs\ms-vscode-remote.remote-containers-0.224.3
[2022-03-21 22:01:23.150] [sharedprocess] [info] Downloaded extension: ms-vscode-remote.remote-ssh c:\Users\Racarla\Documents\Git\Marlin_Laser_Engraver_2\VSCode\VSCode-win32-x64-1.65.2\data\user-data\CachedExtensionVSIXs\ms-vscode-remote.remote-ssh-0.76.1
[2022-03-21 22:01:23.153] [sharedprocess] [info] Downloaded extension: ms-vscode-remote.remote-ssh-edit c:\Users\Racarla\Documents\Git\Marlin_Laser_Engraver_2\VSCode\VSCode-win32-x64-1.65.2\data\user-data\CachedExtensionVSIXs\ms-vscode-remote.remote-ssh-edit-0.76.1
[2022-03-21 22:01:23.220] [sharedprocess] [info] Extracted extension to C:\Users\Racarla\Documents\Git\Marlin_Laser_Engraver_2\VSCode\VSCode-win32-x64-1.65.2\data\extensions\.68f0c5cb-0e0e-44d0-8a69-d23ef309b1fe: ms-vscode-remote.remote-ssh-edit
[2022-03-21 22:01:23.237] [sharedprocess] [info] Renamed to C:\Users\Racarla\Documents\Git\Marlin_Laser_Engraver_2\VSCode\VSCode-win32-x64-1.65.2\data\extensions\ms-vscode-remote.remote-ssh-edit-0.76.1
[2022-03-21 22:01:23.245] [sharedprocess] [info] Extracting completed. ms-vscode-remote.remote-ssh-edit
[2022-03-21 22:01:23.412] [sharedprocess] [info] Extracted extension to C:\Users\Racarla\Documents\Git\Marlin_Laser_Engraver_2\VSCode\VSCode-win32-x64-1.65.2\data\extensions\.e357a744-017a-4df1-b5ee-bb8e9ec72fe8: ms-vscode-remote.remote-ssh
[2022-03-21 22:01:23.435] [sharedprocess] [info] Renamed to C:\Users\Racarla\Documents\Git\Marlin_Laser_Engraver_2\VSCode\VSCode-win32-x64-1.65.2\data\extensions\ms-vscode-remote.remote-ssh-0.76.1
[2022-03-21 22:01:23.444] [sharedprocess] [info] Extracting completed. ms-vscode-remote.remote-ssh
[2022-03-21 22:01:24.188] [sharedprocess] [info] Extracted extension to C:\Users\Racarla\Documents\Git\Marlin_Laser_Engraver_2\VSCode\VSCode-win32-x64-1.65.2\data\extensions\.92b98f2c-5c74-4c55-b8b8-269964f2fd03: ms-vscode-remote.remote-containers
[2022-03-21 22:01:24.220] [sharedprocess] [info] Renamed to C:\Users\Racarla\Documents\Git\Marlin_Laser_Engraver_2\VSCode\VSCode-win32-x64-1.65.2\data\extensions\ms-vscode-remote.remote-containers-0.224.3
[2022-03-21 22:01:24.228] [sharedprocess] [info] Extracting completed. ms-vscode-remote.remote-containers
[2022-03-21 22:01:24.437] [sharedprocess] [info] Downloaded extension: ms-vscode-remote.remote-wsl c:\Users\Racarla\Documents\Git\Marlin_Laser_Engraver_2\VSCode\VSCode-win32-x64-1.65.2\data\user-data\CachedExtensionVSIXs\ms-vscode-remote.remote-wsl-0.64.2
[2022-03-21 22:01:24.561] [sharedprocess] [info] Extracted extension to C:\Users\Racarla\Documents\Git\Marlin_Laser_Engraver_2\VSCode\VSCode-win32-x64-1.65.2\data\extensions\.8d1552d4-ed9f-464b-9a40-0ac4eeb7cbe2: ms-vscode-remote.remote-wsl
[2022-03-21 22:01:24.579] [sharedprocess] [info] Renamed to C:\Users\Racarla\Documents\Git\Marlin_Laser_Engraver_2\VSCode\VSCode-win32-x64-1.65.2\data\extensions\ms-vscode-remote.remote-wsl-0.64.2
[2022-03-21 22:01:24.587] [sharedprocess] [info] Extracting completed. ms-vscode-remote.remote-wsl
[2022-03-21 22:01:25.590] [sharedprocess] [info] Downloaded extension: ms-vscode.cpptools-extension-pack c:\Users\Racarla\Documents\Git\Marlin_Laser_Engraver_2\VSCode\VSCode-win32-x64-1.65.2\data\user-data\CachedExtensionVSIXs\ms-vscode.cpptools-extension-pack-1.1.0
[2022-03-21 22:01:25.619] [sharedprocess] [info] Extracted extension to C:\Users\Racarla\Documents\Git\Marlin_Laser_Engraver_2\VSCode\VSCode-win32-x64-1.65.2\data\extensions\.c0c11fb5-c3ef-4a57-801a-d9b12356e8ec: ms-vscode.cpptools-extension-pack
[2022-03-21 22:01:25.634] [sharedprocess] [info] Renamed to C:\Users\Racarla\Documents\Git\Marlin_Laser_Engraver_2\VSCode\VSCode-win32-x64-1.65.2\data\extensions\ms-vscode.cpptools-extension-pack-1.1.0
[2022-03-21 22:01:25.640] [sharedprocess] [info] Extracting completed. ms-vscode.cpptools-extension-pack
[2022-03-21 22:01:25.644] [sharedprocess] [info] Extension installed successfully: ms-vscode-remote.remote-ssh-edit
[2022-03-21 22:01:25.645] [sharedprocess] [info] Extension installed successfully: ms-vscode-remote.remote-ssh
[2022-03-21 22:01:25.645] [sharedprocess] [info] Extension installed successfully: ms-vscode-remote.remote-containers
[2022-03-21 22:01:25.645] [sharedprocess] [info] Extension installed successfully: ms-vscode-remote.remote-wsl
[2022-03-21 22:01:25.645] [sharedprocess] [info] Extension installed successfully: ms-vscode.cpptools-extension-pack
