[2022-03-21 21:55:01.531] [renderer1] [error] Cannot read property 'identifier' of undefined: TypeError: Cannot read property 'identifier' of undefined
    at w._computeEnablementState (vscode-file://vscode-app/c:/Users/Racarla/Documents/Git/Marlin_Laser_Engraver_2/VSCode/VSCode-win32-x64-1.65.2/resources/app/out/vs/workbench/workbench.desktop.main.js:3066:99505)
    at w.getEnablementState (vscode-file://vscode-app/c:/Users/Racarla/Documents/Git/Marlin_Laser_Engraver_2/VSCode/VSCode-win32-x64-1.65.2/resources/app/out/vs/workbench/workbench.desktop.main.js:3066:96182)
    at w.isEnabled (vscode-file://vscode-app/c:/Users/Racarla/Documents/Git/Marlin_Laser_Engraver_2/VSCode/VSCode-win32-x64-1.65.2/resources/app/out/vs/workbench/workbench.desktop.main.js:3066:99206)
    at v._handleMissingInstalledDependency (vscode-file://vscode-app/c:/Users/Racarla/Documents/Git/Marlin_Laser_Engraver_2/VSCode/VSCode-win32-x64-1.65.2/resources/app/out/vs/workbench/workbench.desktop.main.js:2355:27482)
    at v.$onExtensionActivationError (vscode-file://vscode-app/c:/Users/Racarla/Documents/Git/Marlin_Laser_Engraver_2/VSCode/VSCode-win32-x64-1.65.2/resources/app/out/vs/workbench/workbench.desktop.main.js:2355:27087)
[2022-03-21 21:55:13.588] [renderer1] [error] Could not find category with ID: ms-vscode.cpptools#cppWelcome: Error: Could not find category with ID: ms-vscode.cpptools#cppWelcome
    at vscode-file://vscode-app/c:/Users/Racarla/Documents/Git/Marlin_Laser_Engraver_2/VSCode/VSCode-win32-x64-1.65.2/resources/app/out/vs/workbench/workbench.desktop.main.js:2851:94343
    at f.invoke (vscode-file://vscode-app/c:/Users/Racarla/Documents/Git/Marlin_Laser_Engraver_2/VSCode/VSCode-win32-x64-1.65.2/resources/app/out/vs/workbench/workbench.desktop.main.js:67:145)
    at c.fire (vscode-file://vscode-app/c:/Users/Racarla/Documents/Git/Marlin_Laser_Engraver_2/VSCode/VSCode-win32-x64-1.65.2/resources/app/out/vs/workbench/workbench.desktop.main.js:67:1856)
    at F.progressStep (vscode-file://vscode-app/c:/Users/Racarla/Documents/Git/Marlin_Laser_Engraver_2/VSCode/VSCode-win32-x64-1.65.2/resources/app/out/vs/workbench/workbench.desktop.main.js:1928:29340)
    at F.registerDoneListeners (vscode-file://vscode-app/c:/Users/Racarla/Documents/Git/Marlin_Laser_Engraver_2/VSCode/VSCode-win32-x64-1.65.2/resources/app/out/vs/workbench/workbench.desktop.main.js:1928:31880)
    at vscode-file://vscode-app/c:/Users/Racarla/Documents/Git/Marlin_Laser_Engraver_2/VSCode/VSCode-win32-x64-1.65.2/resources/app/out/vs/workbench/workbench.desktop.main.js:1928:30198
    at Array.forEach (<anonymous>)
    at F._registerWalkthrough (vscode-file://vscode-app/c:/Users/Racarla/Documents/Git/Marlin_Laser_Engraver_2/VSCode/VSCode-win32-x64-1.65.2/resources/app/out/vs/workbench/workbench.desktop.main.js:1928:29980)
    at vscode-file://vscode-app/c:/Users/Racarla/Documents/Git/Marlin_Laser_Engraver_2/VSCode/VSCode-win32-x64-1.65.2/resources/app/out/vs/workbench/workbench.desktop.main.js:1928:27365
    at async Promise.all (index 0)
    at async F.registerExtensionWalkthroughContributions (vscode-file://vscode-app/c:/Users/Racarla/Documents/Git/Marlin_Laser_Engraver_2/VSCode/VSCode-win32-x64-1.65.2/resources/app/out/vs/workbench/workbench.desktop.main.js:1928:24901)
    at async Promise.all (index 0)
    at async f._handler (vscode-file://vscode-app/c:/Users/Racarla/Documents/Git/Marlin_Laser_Engraver_2/VSCode/VSCode-win32-x64-1.65.2/resources/app/out/vs/workbench/workbench.desktop.main.js:1928:21277)
[2022-03-21 21:58:03.420] [renderer1] [error] [Extension Host] (node:1500) [DEP0005] DeprecationWarning: Buffer() is deprecated due to security and usability issues. Please use the Buffer.alloc(), Buffer.allocUnsafe(), or Buffer.from() methods instead.
(Use `Code --trace-deprecation ...` to show where the warning was created)
