[2022-03-23 22:01:57.474] [main] [info] window#load: attempt to load window (id: 1)
[2022-03-23 22:01:57.554] [main] [info] update#setState idle
[2022-03-23 22:01:57.671] [main] [info] ExtensionHostStarterWorker created
[2022-03-23 22:01:58.914] [main] [info] window#load: window reported ready (id: 1)
[2022-03-23 22:01:59.100] [main] [info] Starting extension host with pid 13912 (fork() took 15 ms).
[2022-03-23 22:01:59.100] [main] [info] ExtensionHostStarterWorker.start() took 17 ms.
[2022-03-23 22:02:06.101] [main] [info] Enabling inspect port on extension host with pid 13912.
[2022-03-23 22:02:07.866] [main] [info] Enabling inspect port on extension host with pid 13912.
[2022-03-23 22:02:27.569] [main] [info] update#setState checking for updates
[2022-03-23 22:02:27.613] [main] [info] update#setState idle
[2022-03-23 22:08:14.987] [main] [info] window#load: attempt to load window (id: 3)
[2022-03-23 22:08:15.819] [main] [info] window#load: window reported ready (id: 3)
[2022-03-23 22:08:16.027] [main] [info] Starting extension host with pid 17008 (fork() took 11 ms).
[2022-03-23 22:08:16.027] [main] [info] ExtensionHostStarterWorker.start() took 12 ms.
[2022-03-23 22:08:20.831] [main] [info] Enabling inspect port on extension host with pid 17008.
[2022-03-23 22:08:21.550] [main] [info] Enabling inspect port on extension host with pid 17008.
[2022-03-23 22:08:29.920] [main] [info] window#load: attempt to load window (id: 3)
[2022-03-23 22:08:29.971] [main] [info] Extension host with pid 17008 exited with code: 0, signal: null.
[2022-03-23 22:08:30.750] [main] [info] window#load: window reported ready (id: 3)
[2022-03-23 22:08:31.022] [main] [info] Starting extension host with pid 6388 (fork() took 10 ms).
[2022-03-23 22:08:31.023] [main] [info] ExtensionHostStarterWorker.start() took 12 ms.
[2022-03-23 22:28:37.744] [main] [info] Extension host with pid 13912 exited with code: 0, signal: null.
[2022-03-23 22:28:41.256] [main] [info] Waiting for extension host with pid 6388 to exit.
[2022-03-23 22:28:41.282] [main] [info] Extension host with pid 6388 exited with code: 0, signal: null.
